<?xml version="1.0" encoding="UTF-8"?>
<!-- Generated by org.testng.reporters.JUnitReportReporter -->
<testsuite hostname="TP-LAP0057" failures="0" tests="1" name="com.gmailtest.launchgmail.AppTest" time="6.582" errors="0" timestamp="2021-11-22T19:04:59 IST" skipped="0">
  <testcase classname="com.gmailtest.launchgmail.AppTest" name="lauchgmail" time="6.582"/>
  <system-out/>
</testsuite> <!-- com.gmailtest.launchgmail.AppTest -->
